<?xml version="1.0" encoding="UTF-8"?>
<!-- Generated by org.testng.reporters.JUnitXMLReporter -->
<testsuite hostname="DESKTOP-4IRN3P3" ignored="0" tests="4" failures="0" timestamp="16 Sep 2020 10:39:06 GMT" time="109.556" errors="0">
  <testcase name="enterDiagnostics" time="35.905" classname="CrashTests"/>
  <testcase name="simulateJavaCrash" time="15.653" classname="CrashTests"/>
  <testcase name="simulateNativeCrash" time="13.695" classname="CrashTests"/>
  <testcase name="simulateANRCrash" time="9.311" classname="CrashTests"/>
</testsuite>
